<?xml version="1.0" encoding="UTF-8"?>
<!-- Generated by org.testng.reporters.JUnitReportReporter -->
<testsuite hostname="IN-5CG0031HG0" name="Budget.TestScripts.Budget_GUI_Split_Billing_CheckOut" tests="1" failures="0" timestamp="15 Jul 2020 05:54:49 GMT" time="1243.385" errors="0">
  <testcase name="test" time="1243.385" classname="Budget.TestScripts.Budget_GUI_Split_Billing_CheckOut"/>
</testsuite> <!-- Budget.TestScripts.Budget_GUI_Split_Billing_CheckOut -->
