<?xml version="1.0" encoding="UTF-8"?>
<!-- Generated by org.testng.reporters.JUnitReportReporter -->
<testsuite hostname="IN-5CG0031HG0" name="AVIS.TestScripts.AVIS_GUI_Modify_Rentals" tests="1" failures="0" timestamp="15 Jul 2020 04:36:23 GMT" time="336.231" errors="0">
  <testcase name="test" time="336.231" classname="AVIS.TestScripts.AVIS_GUI_Modify_Rentals"/>
</testsuite> <!-- AVIS.TestScripts.AVIS_GUI_Modify_Rentals -->
