<?xml version="1.0" encoding="UTF-8"?>
<!-- Generated by org.testng.reporters.JUnitReportReporter -->
<testsuite hostname="IN-5CG0031HG0" name="AVIS.TestScripts.AVIS_GUI_Manifest" tests="1" failures="0" timestamp="3 Sep 2020 08:58:54 GMT" time="392.090" errors="0">
  <testcase name="test" time="392.090" classname="AVIS.TestScripts.AVIS_GUI_Manifest"/>
</testsuite> <!-- AVIS.TestScripts.AVIS_GUI_Manifest -->
