<?xml version="1.0" encoding="UTF-8"?>
<!-- Generated by org.testng.reporters.JUnitReportReporter -->
<testsuite hostname="IN-5CG0031HG0" name="AVIS.TestScripts.AVIS_GUI_Split_Billing_CheckOut" tests="1" failures="0" timestamp="10 Jul 2020 03:11:32 GMT" time="1227.257" errors="0">
  <testcase name="test" time="1227.257" classname="AVIS.TestScripts.AVIS_GUI_Split_Billing_CheckOut"/>
</testsuite> <!-- AVIS.TestScripts.AVIS_GUI_Split_Billing_CheckOut -->
