<?xml version="1.0" encoding="UTF-8"?>
<!-- Generated by org.testng.reporters.JUnitReportReporter -->
<testsuite hostname="IN-5CG0031HG0" name="Budget.TestScripts.BUDGET_GUI_Modify_Rentals" tests="1" failures="0" timestamp="15 Jul 2020 07:00:48 GMT" time="541.621" errors="0">
  <testcase name="test" time="541.621" classname="Budget.TestScripts.BUDGET_GUI_Modify_Rentals"/>
</testsuite> <!-- Budget.TestScripts.BUDGET_GUI_Modify_Rentals -->
