<?xml version="1.0" encoding="UTF-8"?>
<!-- Generated by org.testng.reporters.JUnitReportReporter -->
<testsuite hostname="IN-5CG0031HG0" name="Payless.TestScripts.Payless_GUI_CreateRentals" tests="1" failures="0" timestamp="20 Jul 2020 10:15:08 GMT" time="924.481" errors="0">
  <testcase name="test" time="924.481" classname="Payless.TestScripts.Payless_GUI_CreateRentals"/>
</testsuite> <!-- Payless.TestScripts.Payless_GUI_CreateRentals -->
